#
# A fatal error has been detected by the Java Runtime Environment:
#
#  EXCEPTION_ACCESS_VIOLATION (0xc0000005) at pc=0x00007ffda414d1ce, pid=34048, tid=33732
#
# JRE version:  (21.0.8+12) (build )
# Java VM: Java HotSpot(TM) 64-Bit Server VM (21.0.8+12-LTS-250, mixed mode, sharing, tiered, compressed oops, compressed class ptrs, g1 gc, windows-amd64)
# Problematic frame:
# V  [jvm.dll+0x30d1ce]
#
# No core dump will be written. Minidumps are not enabled by default on client versions of Windows
#
#

---------------  S U M M A R Y ------------

Command Line: -Xmx16m org.eclipse.jdt.internal.launching.support.LibraryDetector

Host: Intel(R) Core(TM) i7-8750H CPU @ 2.20GHz, 12 cores, 15G,  Windows 10 , 64 bit Build 19041 (10.0.19041.5915)
Time: Mon Oct  6 01:50:03 2025  Windows 10 , 64 bit Build 19041 (10.0.19041.5915) elapsed time: 0.115739 seconds (0d 0h 0m 0s)

---------------  T H R E A D  ---------------

Current thread (0x0000023b28f87190):  JavaThread "Unknown thread" [_thread_in_vm, id=33732, stack(0x000000c986600000,0x000000c986700000) (1024K)]

Stack: [0x000000c986600000,0x000000c986700000],  sp=0x000000c9866fee40,  free space=1019k
Native frames: (J=compiled Java code, j=interpreted, Vv=VM code, C=native code)
V  [jvm.dll+0x30d1ce]
V  [jvm.dll+0x30db18]
V  [jvm.dll+0x6766c9]
V  [jvm.dll+0x6768f9]
V  [jvm.dll+0x675cb1]
V  [jvm.dll+0x671468]
V  [jvm.dll+0x8218c5]
V  [jvm.dll+0x3bc541]
V  [jvm.dll+0x80aaf8]
V  [jvm.dll+0x45172e]
V  [jvm.dll+0x453321]
C  [jli.dll+0x52a3]
C  [ucrtbase.dll+0x21bb2]
C  [KERNEL32.DLL+0x17374]
C  [ntdll.dll+0x4cc91]


siginfo: EXCEPTION_ACCESS_VIOLATION (0xc0000005), reading address 0x0000000000000000


Registers:
RAX=0x000022e6d6e63a4d, RBX=0x0000000000000000, RCX=0x0000000000000000, RDX=0x0000000000000001
RSP=0x000000c9866fee40, RBP=0x0000000000000001, RSI=0x0000023b3e3b72a8, RDI=0x0000023b2b32aa00
R8 =0x0000000000000001, R9 =0x0000000000000001, R10=0x0000000000000000, R11=0x0000000000000246
R12=0x0000000000000000, R13=0x0000023b28f6dfc0, R14=0x0000000000000001, R15=0x0000023b3e000000
RIP=0x00007ffda414d1ce, EFLAGS=0x0000000000010246


Top of Stack: (sp=0x000000c9866fee40)
0x000000c9866fee40:   0000000800c90000 0000023b3e000000
0x000000c9866fee50:   0000023b3ec90000 000002333e000000
0x000000c9866fee60:   0000023b3e000000 0000000000000001
0x000000c9866fee70:   000000c9866fef80 0000000000000000
0x000000c9866fee80:   000022e6d6e639bd 000002333e000000
0x000000c9866fee90:   000022e6d6e63a4d 000000c9866ff0d0
0x000000c9866feea0:   0000023b2b32aa00 00007ffda414db18
0x000000c9866feeb0:   0000023b3e000000 0000000000000000
0x000000c9866feec0:   0000000000000000 0000000000000000
0x000000c9866feed0:   0000023b3e000000 0000000001000000
0x000000c9866feee0:   0000000000000000 0000000000010000
0x000000c9866feef0:   0000000000001000 ffffffff2b33d800
0x000000c9866fef00:   0000023b2b32aa00 000000000000020c
0x000000c9866fef10:   000022e6d6e63abd 0000000000000000
0x000000c9866fef20:   0000000000000000 00007ffda44c8870
0x000000c9866fef30:   0000000000000000 0000023b2b32aa00
0x000000c9866fef40:   000000c9866ff0d0 00007ffda44b66c9
0x000000c9866fef50:   0000000000000002 00007ffda4a0d370
0x000000c9866fef60:   0000023b2b32aa00 0000023b2b32aa00
0x000000c9866fef70:   000000c9866fef80 0000000000001000
0x000000c9866fef80:   0000023b3e000000 0000000001000000
0x000000c9866fef90:   0000000000000000 0000000000010000
0x000000c9866fefa0:   0000000000001000 ffffffff2b33d800
0x000000c9866fefb0:   0000023b2b32aa00 0000023b2b32aa00
0x000000c9866fefc0:   0000000000000000 00007ffda44b68f9
0x000000c9866fefd0:   0000000000000000 0000000001000000
0x000000c9866fefe0:   0000023b28ff1790 0000000000000000
0x000000c9866feff0:   000000c9866ff000 000000c9866ff038
0x000000c9866ff000:   0000023b3e000000 0000000001000000
0x000000c9866ff010:   0000000000000000 0000000000010000
0x000000c9866ff020:   0000000000001000 ffffffff2b33d800
0x000000c9866ff030:   0000023b2b32aa00 0000023b3f000000 

Instructions: (pc=0x00007ffda414d1ce)
0x00007ffda414d0ce:   e8 cd 89 db ff 48 8b 05 46 bc 90 00 48 85 c0 74
0x00007ffda414d0de:   1b 44 0f b6 83 a9 01 00 00 48 8d 0d d2 51 6c 00
0x00007ffda414d0ee:   0f b6 93 a8 01 00 00 e8 06 3b db ff 0f b6 05 cc
0x00007ffda414d0fe:   b4 91 00 38 83 a8 01 00 00 75 67 0f b6 05 aa 44
0x00007ffda414d10e:   8b 00 38 83 a9 01 00 00 75 58 80 bb 01 03 00 00
0x00007ffda414d11e:   00 75 1f 48 8b 05 f8 bb 90 00 c6 05 f1 01 8c 00
0x00007ffda414d12e:   00 48 85 c0 74 0c 48 8d 0d 85 52 6c 00 e8 c0 3a
0x00007ffda414d13e:   db ff 80 bb 02 03 00 00 00 75 1f 48 8b 05 d0 bb
0x00007ffda414d14e:   90 00 c6 05 ca 01 8c 00 00 48 85 c0 74 0c 48 8d
0x00007ffda414d15e:   0d cd 52 6c 00 e8 98 3a db ff b0 01 48 83 c4 20
0x00007ffda414d16e:   5b c3 48 8b 05 a9 bb 90 00 48 85 c0 74 0c 48 8d
0x00007ffda414d17e:   0d 9d 51 6c 00 e8 78 3a db ff 32 c0 48 83 c4 20
0x00007ffda414d18e:   5b c3 48 89 5c 24 10 48 89 6c 24 18 48 89 74 24
0x00007ffda414d19e:   20 57 48 83 ec 60 48 8b 05 9d d8 8d 00 48 33 c4
0x00007ffda414d1ae:   48 89 44 24 50 80 3d 16 3f 8b 00 00 0f b6 ea 48
0x00007ffda414d1be:   8b f1 74 17 80 39 00 75 12 48 8b 0d fa 01 91 00
0x00007ffda414d1ce:   48 8b 01 ff 50 20 48 8b d8 eb 08 48 8b 59 18 48
0x00007ffda414d1de:   83 c3 04 48 8b 05 d8 02 91 00 40 b7 01 48 85 c0
0x00007ffda414d1ee:   74 0f 48 8b d3 48 8d 0d de 3a 6c 00 e8 c1 e4 f0
0x00007ffda414d1fe:   ff 48 8d 54 24 20 48 8b cb e8 b4 d3 3b 00 85 c0
0x00007ffda414d20e:   74 28 40 84 ed 74 23 48 8b 05 0c bb 90 00 48 85
0x00007ffda414d21e:   c0 74 47 48 8b d3 48 8d 0d d5 3a 6c 00 e8 70 88
0x00007ffda414d22e:   db ff 40 32 ff e9 12 01 00 00 80 3e 02 75 33 48
0x00007ffda414d23e:   8b cb e8 cb 74 3b 00 84 c0 0f 85 fd 00 00 00 48
0x00007ffda414d24e:   8b 05 d4 ba 90 00 48 85 c0 74 0f 48 8b d3 48 8d
0x00007ffda414d25e:   0d cd 3a 6c 00 e8 38 88 db ff 40 32 ff e9 da 00
0x00007ffda414d26e:   00 00 48 8b 46 08 48 85 c0 74 07 48 3b 44 24 40
0x00007ffda414d27e:   75 0f 48 63 44 24 34 48 39 46 10 0f 84 bb 00 00
0x00007ffda414d28e:   00 48 8b 05 92 ba 90 00 40 32 ff 40 38 3d 2b b3
0x00007ffda414d29e:   91 00 74 2b 48 85 c0 0f 84 9f 00 00 00 48 8b 46
0x00007ffda414d2ae:   08 48 8d 15 9a 3a 6c 00 48 3b 44 24 40 48 8d 0d
0x00007ffda414d2be:   a6 3a 6c 00 48 0f 45 ca e8 d5 87 db ff eb 7d 48 



---------------  P R O C E S S  ---------------

Threads class SMR info:
_java_thread_list=0x00007ffda4a0fc48, length=0, elements={
}

Java Threads: ( => current thread )
Total: 0

Other Threads:
  0x0000023b2b2ee820 WorkerThread "GC Thread#0"                     [id=27700, stack(0x000000c986700000,0x000000c986800000) (1024K)]
  0x0000023b2b2ef7d0 ConcurrentGCThread "G1 Main Marker"            [id=38936, stack(0x000000c986800000,0x000000c986900000) (1024K)]
  0x0000023b2b2f16e0 WorkerThread "G1 Conc#0"                       [id=44084, stack(0x000000c986900000,0x000000c986a00000) (1024K)]
  0x0000023b2b32e040 ConcurrentGCThread "G1 Refine#0"               [id=20324, stack(0x000000c986a00000,0x000000c986b00000) (1024K)]
  0x0000023b2b32ebb0 ConcurrentGCThread "G1 Service"                [id=29844, stack(0x000000c986b00000,0x000000c986c00000) (1024K)]

=>0x0000023b28f87190 (exited) JavaThread "Unknown thread"    [_thread_in_vm, id=33732, stack(0x000000c986600000,0x000000c986700000) (1024K)]
Total: 6

Threads with active compile tasks:
Total: 0

VM state: not at safepoint (not fully initialized)

VM Mutex/Monitor currently owned by a thread: None

Heap address: 0x00000000ff000000, size: 16 MB, Compressed Oops mode: 32-bit

CDS archive(s) mapped at: [0x0000000000000000-0x0000000000000000-0x0000000000000000), size 0, SharedBaseAddress: 0x0000000800000000, ArchiveRelocationMode: 1.
Narrow klass base: 0x0000000000000000, Narrow klass shift: 0, Narrow klass range: 0x0

GC Precious Log:
 CardTable entry size: 512
 Card Set container configuration: InlinePtr #cards 5 size 8 Array Of Cards #cards 12 size 40 Howl #buckets 4 coarsen threshold 1843 Howl Bitmap #cards 512 size 80 coarsen threshold 460 Card regions per heap region 1 cards per card region 2048
 CPUs: 12 total, 12 available
 Memory: 16227M
 Large Page Support: Disabled
 NUMA Support: Disabled
 Compressed Oops: Enabled (32-bit)
 Heap Region Size: 1M
 Heap Min Capacity: 8M
 Heap Initial Capacity: 16M
 Heap Max Capacity: 16M
 Pre-touch: Disabled
 Parallel Workers: 10
 Concurrent Workers: 3
 Concurrent Refinement Workers: 10
 Periodic GC: Disabled

Heap:
 garbage-first heap   total 16384K, used 0K [0x00000000ff000000, 0x0000000100000000)
  region size 1024K, 0 young (0K), 0 survivors (0K)

[error occurred during error reporting (printing heap information), id 0xc0000005, EXCEPTION_ACCESS_VIOLATION (0xc0000005) at pc=0x00007ffda45651e9]
GC Heap History (0 events):
No events

Dll operation events (1 events):
Event: 0.048 Loaded shared library C:\Program Files\Java\jdk-21\bin\java.dll

Deoptimization events (0 events):
No events

Classes loaded (0 events):
No events

Classes unloaded (0 events):
No events

Classes redefined (0 events):
No events

Internal exceptions (0 events):
No events

ZGC Phase Switch (0 events):
No events

VM Operations (0 events):
No events

Events (0 events):
No events


Dynamic libraries:
0x00007ff6e62e0000 - 0x00007ff6e62f0000 	C:\Program Files\Java\jdk-21\bin\javaw.exe
0x00007ffe252d0000 - 0x00007ffe254c8000 	C:\WINDOWS\SYSTEM32\ntdll.dll
0x00007ffe245f0000 - 0x00007ffe246b2000 	C:\WINDOWS\System32\KERNEL32.DLL
0x00007ffe23000000 - 0x00007ffe232f6000 	C:\WINDOWS\System32\KERNELBASE.dll
0x00007ffe1ff00000 - 0x00007ffe1ff94000 	C:\WINDOWS\SYSTEM32\apphelp.dll
0x00007ffe22c90000 - 0x00007ffe22d90000 	C:\WINDOWS\System32\ucrtbase.dll
0x00007ffe0c260000 - 0x00007ffe0c279000 	C:\Program Files\Java\jdk-21\bin\jli.dll
0x00007ffe23d30000 - 0x00007ffe23de1000 	C:\WINDOWS\System32\ADVAPI32.dll
0x00007ffe24f20000 - 0x00007ffe24fbe000 	C:\WINDOWS\System32\msvcrt.dll
0x00007ffe233b0000 - 0x00007ffe2344f000 	C:\WINDOWS\System32\sechost.dll
0x00007ffe248e0000 - 0x00007ffe24a00000 	C:\WINDOWS\System32\RPCRT4.dll
0x00007ffe22eb0000 - 0x00007ffe22ed7000 	C:\WINDOWS\System32\bcrypt.dll
0x00007ffe24fc0000 - 0x00007ffe2515d000 	C:\WINDOWS\System32\USER32.dll
0x00007ffe22b20000 - 0x00007ffe22b42000 	C:\WINDOWS\System32\win32u.dll
0x00007ffe235b0000 - 0x00007ffe235db000 	C:\WINDOWS\System32\GDI32.dll
0x00007ffe22d90000 - 0x00007ffe22ea9000 	C:\WINDOWS\System32\gdi32full.dll
0x00007ffe22f60000 - 0x00007ffe22ffd000 	C:\WINDOWS\System32\msvcp_win.dll
0x00007ffe13630000 - 0x00007ffe138cb000 	C:\WINDOWS\WinSxS\amd64_microsoft.windows.common-controls_6595b64144ccf1df_6.0.19041.6280_none_60bc30a171f2f3f3\COMCTL32.dll
0x00007ffe15c90000 - 0x00007ffe15c9a000 	C:\WINDOWS\SYSTEM32\VERSION.dll
0x00007ffe0c240000 - 0x00007ffe0c25b000 	C:\Program Files\Java\jdk-21\bin\VCRUNTIME140.dll
0x00007ffe24560000 - 0x00007ffe2458f000 	C:\WINDOWS\System32\IMM32.DLL
0x00007ffe16520000 - 0x00007ffe1652c000 	C:\Program Files\Java\jdk-21\bin\vcruntime140_1.dll
0x00007ffdf5520000 - 0x00007ffdf55ae000 	C:\Program Files\Java\jdk-21\bin\msvcp140.dll
0x00007ffda3e40000 - 0x00007ffda4b5d000 	C:\Program Files\Java\jdk-21\bin\server\jvm.dll
0x00007ffe235e0000 - 0x00007ffe2364b000 	C:\WINDOWS\System32\WS2_32.dll
0x00007ffe22050000 - 0x00007ffe2209b000 	C:\WINDOWS\SYSTEM32\POWRPROF.dll
0x00007ffe13a80000 - 0x00007ffe13aa7000 	C:\WINDOWS\SYSTEM32\WINMM.dll
0x00007ffe21fa0000 - 0x00007ffe21fb2000 	C:\WINDOWS\SYSTEM32\UMPDC.dll
0x00007ffe21150000 - 0x00007ffe21162000 	C:\WINDOWS\SYSTEM32\kernel.appcore.dll
0x00007ffe0c560000 - 0x00007ffe0c56a000 	C:\Program Files\Java\jdk-21\bin\jimage.dll
0x00007ffe111d0000 - 0x00007ffe113d1000 	C:\WINDOWS\SYSTEM32\DBGHELP.DLL
0x00007ffe10fa0000 - 0x00007ffe10fd4000 	C:\WINDOWS\SYSTEM32\dbgcore.DLL
0x00007ffe22b50000 - 0x00007ffe22bd2000 	C:\WINDOWS\System32\bcryptPrimitives.dll
0x00007ffe09fa0000 - 0x00007ffe09fbf000 	C:\Program Files\Java\jdk-21\bin\java.dll

dbghelp: loaded successfully - version: 4.0.5 - missing functions: none
symbol engine: initialized successfully - sym options: 0x614 - pdb path: .;C:\Program Files\Java\jdk-21\bin;C:\WINDOWS\SYSTEM32;C:\WINDOWS\WinSxS\amd64_microsoft.windows.common-controls_6595b64144ccf1df_6.0.19041.6280_none_60bc30a171f2f3f3;C:\Program Files\Java\jdk-21\bin\server

VM Arguments:
jvm_args: -Xmx16m 
java_command: org.eclipse.jdt.internal.launching.support.LibraryDetector
java_class_path (initial): C:\Users\jjb08\AppData\Roaming\Cursor\User\globalStorage\redhat.java\1.46.0\config_ss_win\org.eclipse.osgi\39\0\.cp\lib\launchingsupport.jar
Launcher Type: SUN_STANDARD

[Global flags]
     intx CICompilerCount                          = 4                                         {product} {ergonomic}
     uint ConcGCThreads                            = 3                                         {product} {ergonomic}
     uint G1ConcRefinementThreads                  = 10                                        {product} {ergonomic}
   size_t G1HeapRegionSize                         = 1048576                                   {product} {ergonomic}
    uintx GCDrainStackTargetSize                   = 64                                        {product} {ergonomic}
   size_t InitialHeapSize                          = 16777216                                  {product} {ergonomic}
   size_t MarkStackSize                            = 4194304                                   {product} {ergonomic}
   size_t MaxHeapSize                              = 16777216                                  {product} {command line}
   size_t MaxNewSize                               = 9437184                                   {product} {ergonomic}
   size_t MinHeapDeltaBytes                        = 1048576                                   {product} {ergonomic}
   size_t MinHeapSize                              = 8388608                                   {product} {ergonomic}
    uintx NonNMethodCodeHeapSize                   = 5839372                                {pd product} {ergonomic}
    uintx NonProfiledCodeHeapSize                  = 122909434                              {pd product} {ergonomic}
    uintx ProfiledCodeHeapSize                     = 122909434                              {pd product} {ergonomic}
    uintx ReservedCodeCacheSize                    = 251658240                              {pd product} {ergonomic}
     bool SegmentedCodeCache                       = true                                      {product} {ergonomic}
   size_t SoftMaxHeapSize                          = 16777216                               {manageable} {ergonomic}
     bool UseCompressedOops                        = true                           {product lp64_product} {ergonomic}
     bool UseG1GC                                  = true                                      {product} {ergonomic}
     bool UseLargePagesIndividualAllocation        = false                                  {pd product} {ergonomic}

Logging:
Log output configuration:
 #0: stdout all=warning uptime,level,tags foldmultilines=false
 #1: stderr all=off uptime,level,tags foldmultilines=false

Environment Variables:
PATH=c:\Users\jjb08\AppData\Local\Programs\cursor\resources\app\bin;C:\Program Files (x86)\Common Files\Oracle\Java\java8path;C:\Program Files (x86)\Common Files\Oracle\Java\javapath;C:\Program Files (x86)\Intel\Intel(R) Management Engine Components\iCLS\;C:\Program Files\Intel\Intel(R) Management Engine Components\iCLS\;C:\Windows\system32;C:\Windows;C:\Windows\System32\Wbem;C:\Windows\System32\WindowsPowerShell\v1.0\;C:\Windows\System32\OpenSSH\;C:\Program Files (x86)\Intel\Intel(R) Management Engine Components\DAL;C:\Program Files\Intel\Intel(R) Management Engine Components\DAL;C:\Program Files (x86)\Intel\Intel(R) Management Engine Components\IPT;C:\Program Files\Intel\Intel(R) Management Engine Components\IPT;C:\Program Files (x86)\NVIDIA Corporation\PhysX\Common;C:\Program Files\NVIDIA Corporation\NVIDIA NvDLISR;C:\WINDOWS\system32;C:\WINDOWS;C:\WINDOWS\System32\Wbem;C:\WINDOWS\System32\WindowsPowerShell\v1.0\;C:\WINDOWS\System32\OpenSSH\;E:\Git\cmd;C:\Program Files\Git\cmd;C:\Program Files (x86)\PharosSyste;C:\Users\jjb08\AppData\Local\Programs\Python\Python311;C:\Users\jjb08\AppData\Local\Programs\Python\Python311\Scripts;C:\TDM-GCC-64\bin;C:\Program Files\dotnet\;C:\Program Files\nodejs\;C:\Program Files\Docker\Docker\resources\bin;C:\Program Files\GitHub CLI\;C:\Users\jjb08\AppData\Local\Microsoft\WindowsApps;C:\Program Files\Bandizip\;C:\Users\jjb08\AppData\Local\Microsoft\WindowsApps;C:\ffmpeg\bin;C:\Users\jjb08\AppData\Local\Programs\Microsoft VS Code\bin;C:\Users\jjb08\AppData\Local\afreeca;C:\Program Files\JetBrains\IntelliJ IDEA 2024.2.1\bin;;C:\Users\jjb08\AppData\Local\Programs\cursor\resources\app\bin;C:\Users\jjb08\AppData\Roaming\npm;C:\Program Files\GitHub CLI
USERNAME=jjb08
OS=Windows_NT
PROCESSOR_IDENTIFIER=Intel64 Family 6 Model 158 Stepping 10, GenuineIntel
TMP=C:\Users\jjb08\AppData\Local\Temp
TEMP=C:\Users\jjb08\AppData\Local\Temp




Periodic native trim disabled

---------------  S Y S T E M  ---------------

OS:
 Windows 10 , 64 bit Build 19041 (10.0.19041.5915)
OS uptime: 8 days 1:33 hours
Hyper-V role detected

CPU: total 12 (initial active 12) (6 cores per cpu, 2 threads per core) family 6 model 158 stepping 10 microcode 0xb4, cx8, cmov, fxsr, ht, mmx, 3dnowpref, sse, sse2, sse3, ssse3, sse4.1, sse4.2, popcnt, lzcnt, tsc, tscinvbit, avx, avx2, aes, erms, clmul, bmi1, bmi2, adx, fma, vzeroupper, clflush, clflushopt, hv, rdtscp, f16c
Processor Information for all 12 processors :
  Max Mhz: 2201, Current Mhz: 2201, Mhz Limit: 2201

Memory: 4k page, system-wide physical 16227M (2718M free)
TotalPageFile size 33017M (AvailPageFile size 3573M)
current process WorkingSet (physical memory assigned to process): 24M, peak: 24M
current process commit charge ("private bytes"): 92M, peak: 92M

vm_info: Java HotSpot(TM) 64-Bit Server VM (21.0.8+12-LTS-250) for windows-amd64 JRE (21.0.8+12-LTS-250), built on 2025-06-27T08:11:22Z by "mach5one" with MS VC++ 17.6 (VS2022)

END.
